<?xml version="1.0" encoding="UTF-8"?>
<!-- Generated by org.testng.reporters.JUnitXMLReporter -->
<testsuite hostname="Sorowar-Windows-Laptop-01" name="Default test" tests="4" failures="0" timestamp="21 Feb 2019 03:41:49 GMT" time="1.82" errors="0">
  <testcase name="getAllTaskName" time="1.676" classname="com.nsstodo.testcases.ApiTest"/>
  <testcase name="getCountUnassignedCategory" time="0.047" classname="com.nsstodo.testcases.ApiTest"/>
  <testcase name="validateNoOfTask" time="0.031" classname="com.nsstodo.testcases.ApiTest"/>
  <testcase name="validatedServiceStatus" time="0.049" classname="com.nsstodo.testcases.ApiTest"/>
</testsuite> <!-- Default test -->
