<?xml version="1.0" encoding="UTF-8"?>
<!-- Generated by org.testng.reporters.JUnitXMLReporter -->
<testsuite hostname="Sorowar-Windows-Laptop-01" name="NSS Todo Test Cases" tests="8" failures="0" timestamp="21 Feb 2019 04:14:08 GMT" time="20.33" errors="0">
  <testcase name="addCategoryTest" time="0.326" classname="com.nsstodo.testcases.TodoPageTest"/>
  <testcase name="addTodoTest" time="0.778" classname="com.nsstodo.testcases.TodoPageTest"/>
  <testcase name="modifyTodoTest" time="0.449" classname="com.nsstodo.testcases.TodoPageTest"/>
  <testcase name="removeTodoTest" time="0.2" classname="com.nsstodo.testcases.TodoPageTest"/>
  <testcase name="getAllTaskName" time="1.159" classname="com.nsstodo.testcases.ApiTest"/>
  <testcase name="getCountUnassignedCategory" time="0.042" classname="com.nsstodo.testcases.ApiTest"/>
  <testcase name="validateNoOfTask" time="0.031" classname="com.nsstodo.testcases.ApiTest"/>
  <testcase name="validatedServiceStatus" time="0.034" classname="com.nsstodo.testcases.ApiTest"/>
</testsuite> <!-- NSS Todo Test Cases -->
